build/app/intermediates/manifest_merge_blame_file/debug/manifest-merger-blame-debug-report.txt
1<?xml version="1.0" encoding="utf-8"?>
2<manifest xmlns:android="http://schemas.android.com/apk/res/android"
3    package="com.iqonic.quiz_flutter"
4    android:versionCode="1"
5    android:versionName="1.0.0" >
6
7    <uses-sdk
8        android:minSdkVersion="21"
9        android:targetSdkVersion="31" />
10    <!--
11         Flutter needs it to communicate with the running application
12         to allow setting breakpoints, to provide hot reload, etc.
13    -->
14    <uses-permission android:name="android.permission.INTERNET" />
14-->src/debug/AndroidManifest.xml:6:5-66
14-->src/debug/AndroidManifest.xml:6:22-64
15    <uses-permission android:name="android.permission.ACCESS_NETWORK_STATE" />
15-->[:connectivity_plus] AndroidManifest.xml:7:5-79
15-->[:connectivity_plus] AndroidManifest.xml:7:22-76
16
17    <uses-feature
17-->[com.google.android.gms:play-services-maps:17.0.0] AndroidManifest.xml:26:5-28:35
18        android:glEsVersion="0x00020000"
18-->[com.google.android.gms:play-services-maps:17.0.0] AndroidManifest.xml:27:9-41
19        android:required="true" />
19-->[com.google.android.gms:play-services-maps:17.0.0] AndroidManifest.xml:28:9-32
20
21    <application
21-->src/main/AndroidManifest.xml:3:4-41:19
22        android:appComponentFactory="androidx.core.app.CoreComponentFactory"
22-->[androidx.core:core:1.6.0] AndroidManifest.xml:24:18-86
23        android:debuggable="true"
24        android:icon="@mipmap/ic_launcher"
24-->src/main/AndroidManifest.xml:5:9-43
25        android:label="Quiz Flutter" >
25-->src/main/AndroidManifest.xml:4:9-37
26        <activity
26-->src/main/AndroidManifest.xml:6:9-35:20
27            android:name="com.iqonic.quiz_flutter.MainActivity"
27-->src/main/AndroidManifest.xml:7:13-41
28            android:configChanges="orientation|keyboardHidden|keyboard|screenSize|smallestScreenSize|locale|layoutDirection|fontScale|screenLayout|density|uiMode"
28-->src/main/AndroidManifest.xml:10:13-163
29            android:exported="true"
29-->src/main/AndroidManifest.xml:12:13-36
30            android:hardwareAccelerated="true"
30-->src/main/AndroidManifest.xml:11:13-47
31            android:launchMode="singleTop"
31-->src/main/AndroidManifest.xml:8:13-43
32            android:theme="@style/LaunchTheme"
32-->src/main/AndroidManifest.xml:9:13-47
33            android:windowSoftInputMode="adjustResize" >
33-->src/main/AndroidManifest.xml:13:13-55
34
35            <!--
36                 Specifies an Android theme to apply to this Activity as soon as
37                 the Android process has started. This theme is visible to the user
38                 while the Flutter UI initializes. After that, this theme continues
39                 to determine the Window background behind the Flutter UI.
40            -->
41            <meta-data
41-->src/main/AndroidManifest.xml:18:13-21:17
42                android:name="io.flutter.embedding.android.NormalTheme"
42-->src/main/AndroidManifest.xml:19:15-70
43                android:resource="@style/NormalTheme" />
43-->src/main/AndroidManifest.xml:20:15-52
44            <!--
45                 Displays an Android View that continues showing the launch screen
46                 Drawable until Flutter paints its first frame, then this splash
47                 screen fades out. A splash screen is useful to avoid any visual
48                 gap between the end of Android's launch screen and the painting of
49                 Flutter's first frame.
50            -->
51            <meta-data
51-->src/main/AndroidManifest.xml:27:13-30:17
52                android:name="io.flutter.embedding.android.SplashScreenDrawable"
52-->src/main/AndroidManifest.xml:28:15-79
53                android:resource="@drawable/launch_background" />
53-->src/main/AndroidManifest.xml:29:15-61
54
55            <intent-filter>
55-->src/main/AndroidManifest.xml:31:13-34:29
56                <action android:name="android.intent.action.MAIN" />
56-->src/main/AndroidManifest.xml:32:17-68
56-->src/main/AndroidManifest.xml:32:25-66
57
58                <category android:name="android.intent.category.LAUNCHER" />
58-->src/main/AndroidManifest.xml:33:17-76
58-->src/main/AndroidManifest.xml:33:27-74
59            </intent-filter>
60        </activity>
61        <!--
62             Don't delete the meta-data below.
63             This is used by the Flutter tool to generate GeneratedPluginRegistrant.java
64        -->
65        <meta-data
65-->src/main/AndroidManifest.xml:38:9-40:33
66            android:name="flutterEmbedding"
66-->src/main/AndroidManifest.xml:39:13-44
67            android:value="2" />
67-->src/main/AndroidManifest.xml:40:13-30
68        <meta-data
68-->[:stripe_native] AndroidManifest.xml:8:9-10:36
69            android:name="com.google.android.gms.wallet.api.enabled"
69-->[:stripe_native] AndroidManifest.xml:9:13-69
70            android:value="true" />
70-->[:stripe_native] AndroidManifest.xml:10:13-33
71
72        <activity
72-->[:url_launcher_android] AndroidManifest.xml:8:9-11:74
73            android:name="io.flutter.plugins.urllauncher.WebViewActivity"
73-->[:url_launcher_android] AndroidManifest.xml:9:13-74
74            android:exported="false"
74-->[:url_launcher_android] AndroidManifest.xml:10:13-37
75            android:theme="@android:style/Theme.NoTitleBar.Fullscreen" />
75-->[:url_launcher_android] AndroidManifest.xml:11:13-71
76        <activity
76-->[com.stripe:stripe-android:14.4.1] AndroidManifest.xml:12:9-14:57
77            android:name="com.stripe.android.view.AddPaymentMethodActivity"
77-->[com.stripe:stripe-android:14.4.1] AndroidManifest.xml:13:13-76
78            android:theme="@style/StripeDefaultTheme" />
78-->[com.stripe:stripe-android:14.4.1] AndroidManifest.xml:14:13-54
79        <activity
79-->[com.stripe:stripe-android:14.4.1] AndroidManifest.xml:15:9-17:57
80            android:name="com.stripe.android.view.PaymentMethodsActivity"
80-->[com.stripe:stripe-android:14.4.1] AndroidManifest.xml:16:13-74
81            android:theme="@style/StripeDefaultTheme" />
81-->[com.stripe:stripe-android:14.4.1] AndroidManifest.xml:17:13-54
82        <activity
82-->[com.stripe:stripe-android:14.4.1] AndroidManifest.xml:18:9-20:57
83            android:name="com.stripe.android.view.PaymentFlowActivity"
83-->[com.stripe:stripe-android:14.4.1] AndroidManifest.xml:19:13-71
84            android:theme="@style/StripeDefaultTheme" />
84-->[com.stripe:stripe-android:14.4.1] AndroidManifest.xml:20:13-54
85        <activity
85-->[com.stripe:stripe-android:14.4.1] AndroidManifest.xml:21:9-23:57
86            android:name="com.stripe.android.view.PaymentAuthWebViewActivity"
86-->[com.stripe:stripe-android:14.4.1] AndroidManifest.xml:22:13-78
87            android:theme="@style/StripeDefaultTheme" />
87-->[com.stripe:stripe-android:14.4.1] AndroidManifest.xml:23:13-54
88        <activity
88-->[com.stripe:stripe-android:14.4.1] AndroidManifest.xml:24:9-26:57
89            android:name="com.stripe.android.view.PaymentRelayActivity"
89-->[com.stripe:stripe-android:14.4.1] AndroidManifest.xml:25:13-72
90            android:theme="@style/StripeDefaultTheme" />
90-->[com.stripe:stripe-android:14.4.1] AndroidManifest.xml:26:13-54
91        <activity
91-->[com.stripe:stripe-android:14.4.1] AndroidManifest.xml:27:9-29:57
92            android:name="com.stripe.android.view.Stripe3ds2CompletionActivity"
92-->[com.stripe:stripe-android:14.4.1] AndroidManifest.xml:28:13-80
93            android:theme="@style/StripeDefaultTheme" />
93-->[com.stripe:stripe-android:14.4.1] AndroidManifest.xml:29:13-54
94        <activity
94-->[com.stripe:stripe-3ds2-android:2.7.8] AndroidManifest.xml:12:9-14:54
95            android:name="com.stripe.android.stripe3ds2.views.ChallengeActivity"
95-->[com.stripe:stripe-3ds2-android:2.7.8] AndroidManifest.xml:13:13-81
96            android:theme="@style/Stripe3DS2Theme" />
96-->[com.stripe:stripe-3ds2-android:2.7.8] AndroidManifest.xml:14:13-51
97        <activity
97-->[com.stripe:stripe-3ds2-android:2.7.8] AndroidManifest.xml:15:9-17:54
98            android:name="com.stripe.android.stripe3ds2.views.ChallengeProgressDialogActivity"
98-->[com.stripe:stripe-3ds2-android:2.7.8] AndroidManifest.xml:16:13-95
99            android:theme="@style/Stripe3DS2Theme" />
99-->[com.stripe:stripe-3ds2-android:2.7.8] AndroidManifest.xml:17:13-51
100
101        <uses-library
101-->[androidx.window:window:1.0.0-beta04] AndroidManifest.xml:25:9-27:40
102            android:name="androidx.window.extensions"
102-->[androidx.window:window:1.0.0-beta04] AndroidManifest.xml:26:13-54
103            android:required="false" />
103-->[androidx.window:window:1.0.0-beta04] AndroidManifest.xml:27:13-37
104        <uses-library
104-->[androidx.window:window:1.0.0-beta04] AndroidManifest.xml:28:9-30:40
105            android:name="androidx.window.sidecar"
105-->[androidx.window:window:1.0.0-beta04] AndroidManifest.xml:29:13-51
106            android:required="false" /> <!-- Needs to be explicitly declared on P+ -->
106-->[androidx.window:window:1.0.0-beta04] AndroidManifest.xml:30:13-37
107        <uses-library
107-->[com.google.android.gms:play-services-maps:17.0.0] AndroidManifest.xml:33:9-35:40
108            android:name="org.apache.http.legacy"
108-->[com.google.android.gms:play-services-maps:17.0.0] AndroidManifest.xml:34:13-50
109            android:required="false" />
109-->[com.google.android.gms:play-services-maps:17.0.0] AndroidManifest.xml:35:13-37
110
111        <activity
111-->[com.google.android.gms:play-services-base:17.0.0] AndroidManifest.xml:23:9-26:75
112            android:name="com.google.android.gms.common.api.GoogleApiActivity"
112-->[com.google.android.gms:play-services-base:17.0.0] AndroidManifest.xml:24:13-79
113            android:exported="false"
113-->[com.google.android.gms:play-services-base:17.0.0] AndroidManifest.xml:25:13-37
114            android:theme="@android:style/Theme.Translucent.NoTitleBar" />
114-->[com.google.android.gms:play-services-base:17.0.0] AndroidManifest.xml:26:13-72
115
116        <meta-data
116-->[com.google.android.gms:play-services-basement:17.0.0] AndroidManifest.xml:23:9-25:69
117            android:name="com.google.android.gms.version"
117-->[com.google.android.gms:play-services-basement:17.0.0] AndroidManifest.xml:24:13-58
118            android:value="@integer/google_play_services_version" />
118-->[com.google.android.gms:play-services-basement:17.0.0] AndroidManifest.xml:25:13-66
119    </application>
120
121</manifest>